<?xml version="1.0" encoding="UTF-8"?>
<!-- Generated by org.testng.reporters.JUnitReportReporter -->
<testsuite hostname="DESKTOP-K0J5U40" failures="0" tests="1" name="resources.sortTableData" time="5.489" errors="0" timestamp="7 Sep 2020 04:25:49 GMT">
  <testcase classname="resources.sortTableData" name="sortData" time="5.489"/>
</testsuite> <!-- resources.sortTableData -->
