<?xml version="1.0" encoding="UTF-8"?>
<!-- Generated by org.testng.reporters.JUnitReportReporter -->
<testsuite hostname="DESKTOP-K0J5U40" failures="0" tests="1" name="resources.childWindowsAssignment" time="6.099" errors="0" timestamp="6 Sep 2020 04:10:17 GMT">
  <testcase classname="resources.childWindowsAssignment" name="childWindows" time="6.099"/>
</testsuite> <!-- resources.childWindowsAssignment -->
