<?xml version="1.0" encoding="UTF-8"?>
<!-- Generated by org.testng.reporters.JUnitReportReporter -->
<testsuite hostname="DESKTOP-K0J5U40" failures="0" tests="1" name="resources.Cricbuzz" time="4.692" errors="0" timestamp="7 Sep 2020 04:06:15 GMT">
  <testcase classname="resources.Cricbuzz" name="getScore" time="4.692"/>
</testsuite> <!-- resources.Cricbuzz -->
