<?xml version="1.0" encoding="UTF-8"?>
<!-- Generated by org.testng.reporters.JUnitReportReporter -->
<testsuite hostname="DESKTOP-K0J5U40" failures="0" tests="1" name="resources.GetTabNames" time="21.656" errors="0" timestamp="9 Sep 2020 19:59:41 GMT">
  <testcase classname="resources.GetTabNames" name="getTabNames" time="21.656"/>
</testsuite> <!-- resources.GetTabNames -->
