<?xml version="1.0" encoding="UTF-8"?>
<!-- Generated by org.testng.reporters.JUnitReportReporter -->
<testsuite hostname="DESKTOP-K0J5U40" failures="0" tests="1" name="resources.CricBuzzTest" time="8.147" errors="0" timestamp="29 Sep 2020 04:35:47 GMT">
  <testcase classname="resources.CricBuzzTest" name="testLiveScore" time="8.147"/>
</testsuite> <!-- resources.CricBuzzTest -->
