<?xml version="1.0" encoding="UTF-8"?>
<!-- Generated by org.testng.reporters.JUnitReportReporter -->
<testsuite hostname="DESKTOP-K0J5U40" failures="0" tests="1" name="resources.GetTabNames" time="11.685" errors="0" timestamp="9 Sep 2020 20:58:44 GMT">
  <testcase classname="resources.GetTabNames" name="getTabNames" time="11.685"/>
</testsuite> <!-- resources.GetTabNames -->
