<?xml version="1.0" encoding="UTF-8"?>
<!-- Generated by org.testng.reporters.JUnitReportReporter -->
<testsuite hostname="DESKTOP-K0J5U40" failures="0" tests="1" name="resources.sortTableData" time="7.966" errors="0" timestamp="9 Sep 2020 20:58:44 GMT">
  <testcase classname="resources.sortTableData" name="sortData" time="7.966"/>
</testsuite> <!-- resources.sortTableData -->
