<?xml version="1.0" encoding="UTF-8"?>
<!-- Generated by org.testng.reporters.JUnitReportReporter -->
<testsuite hostname="DESKTOP-K0J5U40" failures="0" tests="1" name="resources.Cricbuzz" time="2.665" errors="0" timestamp="9 Sep 2020 20:58:44 GMT">
  <testcase classname="resources.Cricbuzz" name="getScore" time="2.665"/>
</testsuite> <!-- resources.Cricbuzz -->
