<?xml version="1.0" encoding="UTF-8"?>
<!-- Generated by org.testng.reporters.JUnitReportReporter -->
<testsuite hostname="DESKTOP-K0J5U40" failures="0" tests="4" name="resources.bookFlightTicket" time="55.710" errors="0" timestamp="9 Sep 2020 20:58:44 GMT">
  <testcase classname="resources.bookFlightTicket" name="bookTicket" time="11.750"/>
  <testcase classname="resources.bookFlightTicket" name="bookTicket" time="9.597"/>
  <testcase classname="resources.bookFlightTicket" name="bookTicket" time="24.648"/>
  <testcase classname="resources.bookFlightTicket" name="bookTicket" time="9.715"/>
</testsuite> <!-- resources.bookFlightTicket -->
